<?xml version="1.0" encoding="UTF-8"?>
<!-- Generated by org.testng.reporters.JUnitReportReporter -->
<testsuite hostname="DESKTOP-I87EVTQ" failures="0" tests="8" name="com.jiofabric.testCases.UnitTestCases" time="72.238" errors="0" timestamp="2021-12-13T16:51:41 IST" skipped="7">
  <testcase classname="com.jiofabric.testCases.UnitTestCases" name="a_addUnit" time="72.238"/>
  <system-out>
    <![CDATA[Test case start for Common
Test case start for Telecom
Test case start for Retail]]>
  </system-out>
  <testcase classname="com.jiofabric.testCases.UnitTestCases" name="createUnitWithBlankName">
    <skipped/>
  </testcase> <!-- createUnitWithBlankName -->
  <system-out/>
  <testcase classname="com.jiofabric.testCases.UnitTestCases" name="createUnitWithBlankUnit">
    <skipped/>
  </testcase> <!-- createUnitWithBlankUnit -->
  <system-out/>
  <testcase classname="com.jiofabric.testCases.UnitTestCases" name="b_editUnit">
    <skipped/>
  </testcase> <!-- b_editUnit -->
  <system-out/>
  <testcase classname="com.jiofabric.testCases.UnitTestCases" name="clickingOnBackButton">
    <skipped/>
  </testcase> <!-- clickingOnBackButton -->
  <system-out/>
  <testcase classname="com.jiofabric.testCases.UnitTestCases" name="c_clickingOnUnitButton">
    <skipped/>
  </testcase> <!-- c_clickingOnUnitButton -->
  <system-out/>
  <testcase classname="com.jiofabric.testCases.UnitTestCases" name="d_deleteUnit">
    <skipped/>
  </testcase> <!-- d_deleteUnit -->
  <system-out/>
  <testcase classname="com.jiofabric.testCases.UnitTestCases" name="createUnitWithBlankData">
    <skipped/>
  </testcase> <!-- createUnitWithBlankData -->
  <system-out/>
</testsuite> <!-- com.jiofabric.testCases.UnitTestCases -->
